[0m19:26:46.743533 [debug] [MainThread]: Sending event: {'category': 'dbt', 'action': 'invocation', 'label': 'start', 'context': [<snowplow_tracker.self_describing_json.SelfDescribingJson object at 0x000002F3B2DA56D0>, <snowplow_tracker.self_describing_json.SelfDescribingJson object at 0x000002F3B2DA5990>, <snowplow_tracker.self_describing_json.SelfDescribingJson object at 0x000002F3B2CBAC50>]}


============================== 19:26:46.791941 | 999ca006-1dc8-4117-b416-76f25398c96f ==============================
[0m19:26:46.791941 [info ] [MainThread]: Running with dbt=1.9.5
[0m19:26:46.793405 [debug] [MainThread]: running dbt with arguments {'printer_width': '80', 'indirect_selection': 'eager', 'write_json': 'True', 'log_cache_events': 'False', 'partial_parse': 'True', 'cache_selected_only': 'False', 'warn_error': 'None', 'fail_fast': 'False', 'profiles_dir': 'C:\\Users\\ASUS\\.dbt', 'log_path': 'logs', 'version_check': 'True', 'debug': 'False', 'use_colors': 'True', 'use_experimental_parser': 'False', 'empty': 'None', 'quiet': 'False', 'no_print': 'None', 'warn_error_options': 'WarnErrorOptions(include=[], exclude=[])', 'static_parser': 'True', 'invocation_command': 'dbt init', 'log_format': 'default', 'target_path': 'None', 'introspect': 'True', 'send_anonymous_usage_stats': 'True'}
[0m19:26:47.045237 [warn ] [MainThread]: [ConfigFolderDirectory]: Unable to parse logging event dictionary. Failed to parse dir field: expected string or bytes-like object, got 'WindowsPath'.. Dictionary: {'dir': WindowsPath('C:/Users/ASUS/.dbt')}
[0m19:26:47.045237 [info ] [MainThread]: Creating dbt configuration folder at 
[0m19:27:04.156982 [debug] [MainThread]: Starter project path: C:\Users\Files\project\kafka-java-production\spark-consumer\env\Lib\site-packages\dbt\include\starter_project
[0m19:27:04.278848 [info ] [MainThread]: 
Your new dbt project "dbt_duckdb" was created!

For more information on how to configure the profiles.yml file,
please consult the dbt documentation here:

  https://docs.getdbt.com/docs/configure-your-profile

One more thing:

Need help? Don't hesitate to reach out to us via GitHub issues or on Slack:

  https://community.getdbt.com/

Happy modeling!

[0m19:27:04.282839 [info ] [MainThread]: Setting up your profile.
[0m19:27:09.533428 [info ] [MainThread]: Profile dbt_duckdb written to C:\Users\ASUS\.dbt\profiles.yml using target's sample configuration. Once updated, you'll be able to start developing with dbt.
[0m19:27:09.537197 [debug] [MainThread]: Command `dbt init` succeeded at 19:27:09.536762 after 22.90 seconds
[0m19:27:09.537197 [debug] [MainThread]: Sending event: {'category': 'dbt', 'action': 'invocation', 'label': 'end', 'context': [<snowplow_tracker.self_describing_json.SelfDescribingJson object at 0x000002F3ADFB5110>, <snowplow_tracker.self_describing_json.SelfDescribingJson object at 0x000002F3AE183110>, <snowplow_tracker.self_describing_json.SelfDescribingJson object at 0x000002F3AE106390>]}
[0m19:27:09.538205 [debug] [MainThread]: Flushing usage events
[0m19:27:10.805604 [debug] [MainThread]: An error was encountered while trying to flush usage events
[0m19:52:14.072483 [debug] [MainThread]: Sending event: {'category': 'dbt', 'action': 'invocation', 'label': 'start', 'context': [<snowplow_tracker.self_describing_json.SelfDescribingJson object at 0x000001A8C14CDD50>, <snowplow_tracker.self_describing_json.SelfDescribingJson object at 0x000001A8C1890510>, <snowplow_tracker.self_describing_json.SelfDescribingJson object at 0x000001A8C63A5990>]}


============================== 19:52:14.084491 | feed8f73-39a3-4bd4-9d78-731b713724d6 ==============================
[0m19:52:14.084491 [info ] [MainThread]: Running with dbt=1.9.5
[0m19:52:14.087405 [debug] [MainThread]: running dbt with arguments {'printer_width': '80', 'indirect_selection': 'eager', 'log_cache_events': 'False', 'write_json': 'True', 'partial_parse': 'True', 'cache_selected_only': 'False', 'warn_error': 'None', 'debug': 'False', 'profiles_dir': 'C:\\Users\\ASUS\\.dbt', 'log_path': 'logs', 'fail_fast': 'False', 'version_check': 'True', 'use_colors': 'True', 'use_experimental_parser': 'False', 'empty': 'False', 'quiet': 'False', 'no_print': 'None', 'log_format': 'default', 'introspect': 'True', 'warn_error_options': 'WarnErrorOptions(include=[], exclude=[])', 'invocation_command': 'dbt run', 'target_path': 'None', 'static_parser': 'True', 'send_anonymous_usage_stats': 'True'}
[0m19:52:14.087405 [error] [MainThread]: Encountered an error:
Runtime Error
  No dbt_project.yml found at expected path C:\Users\Files\project\kafka-java-production\spark-consumer\dbt_project.yml
  Verify that each entry within packages.yml (and their transitive dependencies) contains a file named dbt_project.yml
  
[0m19:52:14.087405 [debug] [MainThread]: Command `dbt run` failed at 19:52:14.087405 after 0.18 seconds
[0m19:52:14.087405 [debug] [MainThread]: Sending event: {'category': 'dbt', 'action': 'invocation', 'label': 'end', 'context': [<snowplow_tracker.self_describing_json.SelfDescribingJson object at 0x000001A8C0645110>, <snowplow_tracker.self_describing_json.SelfDescribingJson object at 0x000001A8C65A3F50>, <snowplow_tracker.self_describing_json.SelfDescribingJson object at 0x000001A8C65A3CD0>]}
[0m19:52:14.087405 [debug] [MainThread]: Flushing usage events
[0m19:52:15.266601 [debug] [MainThread]: An error was encountered while trying to flush usage events
